<?xml version="1.0" encoding="UTF-8"?>
<testsuite name="Test" tests="1" skipped="0" failures="0" errors="0" timestamp="2025-08-19T19:10:58.662Z" hostname="RICHMAN" time="0.069">
  <properties/>
  <testcase name="testSolution()" classname="Test" time="0.069"/>
  <system-out><![CDATA[]]></system-out>
  <system-err><![CDATA[]]></system-err>
</testsuite>
